<?xml version="1.0" encoding="UTF-8"?>
<!-- Generated by org.testng.reporters.JUnitReportReporter -->
<testsuite skipped="0" hostname="Rahul_PC-PC" name="com.crm.qa.testcases.HomePageTest" tests="3" failures="0" timestamp="05 Sep 2018 06:10:54 GMT" time="105.023" errors="0">
  <testcase name="verifyHomePageTitleTest" time="25.321" classname="com.crm.qa.testcases.HomePageTest"/>
  <testcase name="verifyUserNameTest" time="28.705" classname="com.crm.qa.testcases.HomePageTest"/>
  <testcase name="verifyContactsLinkTest" time="50.997" classname="com.crm.qa.testcases.HomePageTest"/>
</testsuite> <!-- com.crm.qa.testcases.HomePageTest -->
